<?xml version="1.0" encoding="UTF-8"?>
<testsuite name="id.ac.ui.cs.advprog.eshop.functional.HomePageFunctionalTest" tests="2" skipped="0" failures="0" errors="0" timestamp="2024-02-13T07:45:15" hostname="RAF-NITRO" time="4.139">
  <properties/>
  <testcase name="pageTitle_isCorrect(ChromeDriver)" classname="id.ac.ui.cs.advprog.eshop.functional.HomePageFunctionalTest" time="3.289"/>
  <testcase name="welcomeMessage_homePage_isCorrect(ChromeDriver)" classname="id.ac.ui.cs.advprog.eshop.functional.HomePageFunctionalTest" time="0.848"/>
  <system-out><![CDATA[14:45:13.216 [Test worker] INFO org.springframework.test.context.support.AnnotationConfigContextLoaderUtils -- Could not detect default configuration classes for test class [id.ac.ui.cs.advprog.eshop.functional.HomePageFunctionalTest]: HomePageFunctionalTest does not declare any static, non-private, non-final, nested classes annotated with @Configuration.
14:45:13.323 [Test worker] INFO org.springframework.boot.test.context.SpringBootTestContextBootstrapper -- Found @SpringBootConfiguration id.ac.ui.cs.advprog.eshop.EshopApplication for test class id.ac.ui.cs.advprog.eshop.functional.HomePageFunctionalTest

  .   ____          _            __ _ _
 /\\ / ___'_ __ _ _(_)_ __  __ _ \ \ \ \
( ( )\___ | '_ | '_| | '_ \/ _` | \ \ \ \
 \\/  ___)| |_)| | | | | || (_| |  ) ) ) )
  '  |____| .__|_| |_|_| |_\__, | / / / /
 =========|_|==============|___/=/_/_/_/
 :: Spring Boot ::                (v3.2.2)

2024-02-13T14:45:13.723+07:00  INFO 12820 --- [    Test worker] i.a.u.c.a.e.f.HomePageFunctionalTest     : Starting HomePageFunctionalTest using Java 21.0.2 with PID 12820 (started by Daril in C:\Users\Daril\OneDrive\Documents\Coolyeah\KELAZZZZ\Semester 4\Adpro\eshop)
2024-02-13T14:45:13.725+07:00  INFO 12820 --- [    Test worker] i.a.u.c.a.e.f.HomePageFunctionalTest     : No active profile set, falling back to 1 default profile: "default"
2024-02-13T14:45:14.728+07:00  INFO 12820 --- [    Test worker] o.s.b.w.embedded.tomcat.TomcatWebServer  : Tomcat initialized with port 0 (http)
2024-02-13T14:45:14.748+07:00  INFO 12820 --- [    Test worker] o.apache.catalina.core.StandardService   : Starting service [Tomcat]
2024-02-13T14:45:14.749+07:00  INFO 12820 --- [    Test worker] o.apache.catalina.core.StandardEngine    : Starting Servlet engine: [Apache Tomcat/10.1.18]
2024-02-13T14:45:14.845+07:00  INFO 12820 --- [    Test worker] o.a.c.c.C.[Tomcat].[localhost].[/]       : Initializing Spring embedded WebApplicationContext
2024-02-13T14:45:14.846+07:00  INFO 12820 --- [    Test worker] w.s.c.ServletWebServerApplicationContext : Root WebApplicationContext: initialization completed in 1098 ms
2024-02-13T14:45:14.943+07:00  INFO 12820 --- [    Test worker] o.s.b.a.w.s.WelcomePageHandlerMapping    : Adding welcome page template: index
2024-02-13T14:45:15.474+07:00  INFO 12820 --- [    Test worker] o.s.b.w.embedded.tomcat.TomcatWebServer  : Tomcat started on port 52226 (http) with context path ''
2024-02-13T14:45:15.480+07:00  INFO 12820 --- [    Test worker] i.a.u.c.a.e.f.HomePageFunctionalTest     : Started HomePageFunctionalTest in 2.005 seconds (process running for 3.229)
2024-02-13T14:45:17.016+07:00  INFO 12820 --- [    Test worker] i.g.bonigarcia.wdm.WebDriverManager      : Using chromedriver 121.0.6167.85 (resolved driver for Chrome 121)
2024-02-13T14:45:17.035+07:00  INFO 12820 --- [    Test worker] i.g.bonigarcia.wdm.WebDriverManager      : Exporting webdriver.chrome.driver as C:\Users\Daril\.cache\selenium\chromedriver\win64\121.0.6167.85\chromedriver.exe
2024-02-13T14:45:18.270+07:00  WARN 12820 --- [    Test worker] o.o.selenium.devtools.CdpVersionFinder   : Unable to find an exact match for CDP version 121, returning the closest version; found: 118; Please update to a Selenium version that supports CDP version 121
2024-02-13T14:45:18.355+07:00  INFO 12820 --- [o-auto-1-exec-1] o.a.c.c.C.[Tomcat].[localhost].[/]       : Initializing Spring DispatcherServlet 'dispatcherServlet'
2024-02-13T14:45:18.355+07:00  INFO 12820 --- [o-auto-1-exec-1] o.s.web.servlet.DispatcherServlet        : Initializing Servlet 'dispatcherServlet'
2024-02-13T14:45:18.357+07:00  INFO 12820 --- [o-auto-1-exec-1] o.s.web.servlet.DispatcherServlet        : Completed initialization in 1 ms
2024-02-13T14:45:18.797+07:00  INFO 12820 --- [    Test worker] i.g.bonigarcia.wdm.WebDriverManager      : Using chromedriver 121.0.6167.85 (resolved driver for Chrome 121)
2024-02-13T14:45:18.804+07:00  INFO 12820 --- [    Test worker] i.g.bonigarcia.wdm.WebDriverManager      : Exporting webdriver.chrome.driver as C:\Users\Daril\.cache\selenium\chromedriver\win64\121.0.6167.85\chromedriver.exe
2024-02-13T14:45:19.417+07:00  WARN 12820 --- [    Test worker] o.o.selenium.devtools.CdpVersionFinder   : Unable to find an exact match for CDP version 121, returning the closest version; found: 118; Please update to a Selenium version that supports CDP version 121
]]></system-out>
  <system-err><![CDATA[WARNING: A Java agent has been loaded dynamically (C:\Users\Daril\.gradle\caches\modules-2\files-2.1\net.bytebuddy\byte-buddy-agent\1.14.11\f9cb566608fbac6bc7bf54901a7aa11543a989ee\byte-buddy-agent-1.14.11.jar)
WARNING: If a serviceability tool is in use, please run with -XX:+EnableDynamicAgentLoading to hide this warning
WARNING: If a serviceability tool is not in use, please run with -Djdk.instrument.traceUsage for more information
WARNING: Dynamic loading of agents will be disallowed by default in a future release
]]></system-err>
</testsuite>
