<?xml version="1.0" encoding="UTF-8"?>
<testsuite name="id.ac.ui.cs.advprog.eshop.repository.ProductRepositoryTest" tests="3" skipped="0" failures="0" errors="0" timestamp="2024-02-13T07:42:09" hostname="RAF-NITRO" time="0.038">
  <properties/>
  <testcase name="testCreateAndFind()" classname="id.ac.ui.cs.advprog.eshop.repository.ProductRepositoryTest" time="0.033"/>
  <testcase name="testFindAllIfEmpty()" classname="id.ac.ui.cs.advprog.eshop.repository.ProductRepositoryTest" time="0.002"/>
  <testcase name="testFindAllIfMoreThanOneProduct()" classname="id.ac.ui.cs.advprog.eshop.repository.ProductRepositoryTest" time="0.002"/>
  <system-out><![CDATA[]]></system-out>
  <system-err><![CDATA[]]></system-err>
</testsuite>
