<?xml version="1.0" encoding="UTF-8"?>
<testsuite name="id.ac.ui.cs.advprog.eshop.model.ProductTest" tests="3" skipped="0" failures="0" errors="0" timestamp="2024-02-13T07:42:09" hostname="RAF-NITRO" time="0.007">
  <properties/>
  <testcase name="testGetProductId()" classname="id.ac.ui.cs.advprog.eshop.model.ProductTest" time="0.005"/>
  <testcase name="testGetProductName()" classname="id.ac.ui.cs.advprog.eshop.model.ProductTest" time="0.001"/>
  <testcase name="testGetProductQuantity()" classname="id.ac.ui.cs.advprog.eshop.model.ProductTest" time="0.0"/>
  <system-out><![CDATA[]]></system-out>
  <system-err><![CDATA[]]></system-err>
</testsuite>
